<?xml version="1.0" encoding="UTF-8"?>
<!-- Generated by org.testng.reporters.JUnitXMLReporter -->
<testsuite ignored="0" hostname="DESKTOP-3IM63I8" failures="0" tests="3" name="Default test" time="23.464" errors="0" timestamp="2023-07-28T10:49:13 GMT-05:00">
  <testcase classname="testNGAnnotations_Flags.GoogleSearchTestCase" name="search1" time="2.214"/>
  <testcase classname="testNGAnnotations_Flags.GoogleSearchTestCase" name="search2" time="2.202"/>
  <testcase classname="testNGAnnotations_Flags.GoogleSearchTestCase" name="search3" time="2.311"/>
</testsuite> <!-- Default test -->
