<?xml version="1.0" encoding="UTF-8"?>
<!-- Generated by org.testng.reporters.JUnitXMLReporter -->
<testsuite ignored="0" hostname="DESKTOP-3IM63I8" failures="0" tests="6" name="Test" time="0.618" errors="0" timestamp="2023-07-18T03:23:46 GMT-05:00">
  <testcase classname="testNGExecution.TestMethod3" name="testMethod6" time="0.322"/>
  <testcase classname="testNGExecution.TestMethod3" name="testMethod5" time="0.351"/>
  <testcase classname="testNGExecution.TestMethod1" name="testMethod2" time="0.363"/>
  <testcase classname="testNGExecution.TestMethod2" name="testMethod3" time="0.308"/>
  <testcase classname="testNGExecution.TestMethod2" name="testMethod4" time="0.01"/>
  <testcase classname="testNGExecution.TestMethod1" name="testMethod1" time="0.376"/>
</testsuite> <!-- Test -->
